\BOOKMARK [0][-]{chapter.1}{Introducci\363n}{}% 1
\BOOKMARK [1][-]{section.1.1}{Motivaci\363n}{chapter.1}% 2
\BOOKMARK [1][-]{section.1.2}{Objetivos}{chapter.1}% 3
\BOOKMARK [1][-]{section.1.3}{Estructura del documento}{chapter.1}% 4
\BOOKMARK [0][-]{chapter.2}{Estado del arte}{}% 5
\BOOKMARK [1][-]{section.2.1}{Contexto y Necesidad}{chapter.2}% 6
\BOOKMARK [2][-]{subsection.2.1.1}{Importancia de la Nutrici\363n y el Ejercicio}{section.2.1}% 7
\BOOKMARK [2][-]{subsection.2.1.2}{Desaf\355os Comunes}{section.2.1}% 8
\BOOKMARK [2][-]{subsection.2.1.3}{Necesidad de Informaci\363n Relevante y Accesible}{section.2.1}% 9
\BOOKMARK [1][-]{section.2.2}{Soluciones Existentes}{chapter.2}% 10
\BOOKMARK [2][-]{subsection.2.2.1}{Aplicaciones de Nutrici\363n}{section.2.2}% 11
\BOOKMARK [2][-]{subsection.2.2.2}{Aplicaciones de Ejercicio}{section.2.2}% 12
\BOOKMARK [2][-]{subsection.2.2.3}{Plataformas Combinadas}{section.2.2}% 13
\BOOKMARK [2][-]{subsection.2.2.4}{Limitaciones de las Soluciones Actuales}{section.2.2}% 14
\BOOKMARK [1][-]{section.2.3}{Plataformas Personalizadas para la Nutrici\363n y el Ejercicio}{chapter.2}% 15
\BOOKMARK [2][-]{subsection.2.3.1}{Plataformas de Nutrici\363n Personalizada}{section.2.3}% 16
\BOOKMARK [2][-]{subsection.2.3.2}{Plataformas de Ejercicio Personalizado}{section.2.3}% 17
\BOOKMARK [2][-]{subsection.2.3.3}{Plataformas Combinadas}{section.2.3}% 18
\BOOKMARK [2][-]{subsection.2.3.4}{Limitaciones y Oportunidades de Mejora}{section.2.3}% 19
\BOOKMARK [1][-]{section.2.4}{Tecnolog\355as Utilizadas.}{chapter.2}% 20
\BOOKMARK [0][-]{chapter.3}{Dise\361o}{}% 21
\BOOKMARK [1][-]{section.3.1}{Definici\363n del proyecto y alcance}{chapter.3}% 22
\BOOKMARK [1][-]{section.3.2}{Metodolog\355a}{chapter.3}% 23
\BOOKMARK [1][-]{section.3.3}{Arquitectura}{chapter.3}% 24
\BOOKMARK [1][-]{section.3.4}{Roles}{chapter.3}% 25
\BOOKMARK [1][-]{section.3.5}{Requisitos Funcionales y No Funcionales}{chapter.3}% 26
\BOOKMARK [1][-]{section.3.6}{Incrementos}{chapter.3}% 27
\BOOKMARK [0][-]{chapter.4}{Desarrollo}{}% 28
\BOOKMARK [1][-]{section.4.1}{Back-End}{chapter.4}% 29
\BOOKMARK [2][-]{subsection.4.1.1}{Back-End}{section.4.1}% 30
\BOOKMARK [2][-]{subsection.4.1.2}{Estructura del Servidor}{section.4.1}% 31
\BOOKMARK [2][-]{subsection.4.1.3}{Base de Datos}{section.4.1}% 32
\BOOKMARK [1][-]{section.4.2}{Front-End}{chapter.4}% 33
\BOOKMARK [2][-]{subsection.4.2.1}{Aplicaci\363n Web}{section.4.2}% 34
\BOOKMARK [2][-]{subsection.4.2.2}{Aplicaci\363n M\363vil}{section.4.2}% 35
\BOOKMARK [1][-]{section.4.3}{Herramientas y Entorno de Desarrollo}{chapter.4}% 36
\BOOKMARK [0][-]{chapter.5}{Pruebas e Implementaci\363n}{}% 37
\BOOKMARK [1][-]{section.5.1}{Pruebas del Back-End}{chapter.5}% 38
\BOOKMARK [1][-]{section.5.2}{Pruebas del Front-End}{chapter.5}% 39
\BOOKMARK [1][-]{section.5.3}{Implementaci\363n}{chapter.5}% 40
\BOOKMARK [0][-]{chapter.6}{Conclusiones y Trabajo Futuro}{}% 41
\BOOKMARK [1][-]{section.6.1}{Conclusiones}{chapter.6}% 42
\BOOKMARK [1][-]{section.6.2}{Trabajo Futuro}{chapter.6}% 43
\BOOKMARK [2][-]{subsection.6.2.1}{Mejoras en el Front-End}{section.6.2}% 44
\BOOKMARK [2][-]{subsection.6.2.2}{Mejoras en la Aplicaci\363n M\363vil}{section.6.2}% 45
\BOOKMARK [2][-]{subsection.6.2.3}{Nuevas Funcionalidades}{section.6.2}% 46
\BOOKMARK [2][-]{subsection.6.2.4}{Integraci\363n de Inteligencia Artificial}{section.6.2}% 47
\BOOKMARK [0][-]{chapter*.53}{Bibliograf\355a}{}% 48
\BOOKMARK [-1][-]{part.1}{Ap\351ndices}{}% 49
\BOOKMARK [0][-]{appendix.Alph1}{Dependecias y librer\355as}{part.1}% 50
\BOOKMARK [1][-]{section.Alph1.1}{Ventajas e inconvenientes de LaTeX2e}{appendix.Alph1}% 51
\BOOKMARK [1][-]{section.Alph1.2}{Ventajas e inconvenientes de Word\256}{appendix.Alph1}% 52
\BOOKMARK [1][-]{section.Alph1.3}{\277Cu\341l elijo?}{appendix.Alph1}% 53
\BOOKMARK [0][-]{appendix.Alph2}{Acceso y Gu\355a de Instalaci\363n}{part.1}% 54
\BOOKMARK [1][-]{section.Alph2.1}{Linux}{appendix.Alph2}% 55
\BOOKMARK [1][-]{section.Alph2.2}{Windows\222}{appendix.Alph2}% 56
\BOOKMARK [1][-]{section.Alph2.3}{Mac OS X}{appendix.Alph2}% 57
\BOOKMARK [1][-]{section.Alph2.4}{Overleaf o ShareLatex}{appendix.Alph2}% 58
\BOOKMARK [1][-]{section.Alph2.5}{\277D\363nde est\341 el manual?}{appendix.Alph2}% 59
\BOOKMARK [1][-]{section.Alph2.6}{Correcci\363n ortogr\341fica y codificaci\363n de caracteres}{appendix.Alph2}% 60
\BOOKMARK [1][-]{section.Alph2.7}{\277Qu\351 editor utilizo?}{appendix.Alph2}% 61
\BOOKMARK [0][-]{appendix.Alph3}{Requisitos}{part.1}% 62
\BOOKMARK [1][-]{section.Alph3.1}{Requisitos Funcionales}{appendix.Alph3}% 63
\BOOKMARK [2][-]{subsection.Alph3.1.1}{Subsistema de Servidor y Comunicaci\363n con la Base de Datos}{section.Alph3.1}% 64
\BOOKMARK [2][-]{subsection.Alph3.1.2}{Subsistema de Gesti\363n de Usuarios}{section.Alph3.1}% 65
\BOOKMARK [2][-]{subsection.Alph3.1.3}{Subsistema de Gesti\363n de Entrenamientos y Nutrici\363n}{section.Alph3.1}% 66
\BOOKMARK [1][-]{section.Alph3.2}{Requisitos No Funcionales}{appendix.Alph3}% 67
\BOOKMARK [2][-]{subsection.Alph3.2.1}{Generales}{section.Alph3.2}% 68
\BOOKMARK [2][-]{subsection.Alph3.2.2}{Errores}{section.Alph3.2}% 69
\BOOKMARK [2][-]{subsection.Alph3.2.3}{Seguridad}{section.Alph3.2}% 70
\BOOKMARK [2][-]{subsection.Alph3.2.4}{Interfaz y Usabilidad}{section.Alph3.2}% 71
\BOOKMARK [2][-]{subsection.Alph3.2.5}{Soporte y Documentaci\363n}{section.Alph3.2}% 72
\BOOKMARK [2][-]{subsection.Alph3.2.6}{Regulatorio y Legal}{section.Alph3.2}% 73
\BOOKMARK [0][-]{appendix.Alph4}{Diagramas de Flujo}{part.1}% 74
\BOOKMARK [0][-]{appendix.Alph5}{Estructura del Proyecto}{part.1}% 75
\BOOKMARK [1][-]{section.Alph5.1}{Comandos en el pre\341mbulo}{appendix.Alph5}% 76
\BOOKMARK [1][-]{section.Alph5.2}{Commandos en el cuerpo del texto}{appendix.Alph5}% 77
\BOOKMARK [1][-]{section.Alph5.3}{Entornos}{appendix.Alph5}% 78
\BOOKMARK [0][-]{appendix.Alph6}{Capturas de Pantalla}{part.1}% 79
\BOOKMARK [0][-]{appendix.Alph7}{C\363digo Fuente}{part.1}% 80
